

 ########  #          ######   #           #
 #         #         #      #   #         # 
 #####     #         #      #    #   #   #  
 #         #         #      #     # # # #   
 #         #######    ######       #   #    

Flow is a simulator for fully implicit three-phase black-oil flow, and is part of OPM.
For more information visit: https://opm-project.org 

Flow Version     =  2026.04-pre (Python JAX Engine Parity)
Machine name     =  Python-VM
Operating system =  Linux x86_64
Simulation started on 26-03-2026 at 18:58:19 hrs
Using 1 Python processes with JAX Automatic Differentiation backend
Parameters used by Flow:
# [known parameters which were specified at run-time]
EclDeckFileName="Unknown.DATA"
# [parameters which were specified at compile-time]
EnableEclOutput="1"
EnableGravity="1"
EnableTerminalOutput="1"

Reading deck file 'Unknown.DATA'
3 fluid phases are active

Processing grid
Total number of active cells: 300

================ Starting main simulation loop ===============


Starting time step 1, stepsize 31 days, at day 0/3653, date = 01-JAN-2015
 Newton its= 10, linearizations= 11 (0.0sec), linear its=  10 (0.0sec)
 Newton its= 5, linearizations= 6 (0.0sec), linear its=  5 (0.0sec)
 Newton its= 5, linearizations= 6 (0.0sec), linear its=  5 (0.0sec)
 Newton its= 5, linearizations= 6 (0.0sec), linear its=  5 (0.0sec)
 Newton its= 4, linearizations= 5 (0.0sec), linear its=  4 (0.0sec)
 Newton its= 4, linearizations= 5 (0.0sec), linear its=  4 (0.0sec)
 Newton its= 4, linearizations= 5 (0.0sec), linear its=  4 (0.0sec)
 Newton its= 4, linearizations= 5 (0.0sec), linear its=  4 (0.0sec)
 Newton its= 4, linearizations= 5 (0.0sec), linear its=  4 (0.0sec)
 Newton its= 4, linearizations= 5 (0.0sec), linear its=  4 (0.0sec)
 Newton its= 4, linearizations= 5 (0.0sec), linear its=  4 (0.0sec)
 Newton its= 4, linearizations= 5 (0.0sec), linear its=  4 (0.0sec)
 Newton its= 4, linearizations= 5 (0.0sec), linear its=  4 (0.0sec)
 Newton its= 4, linearizations= 5 (0.0sec), linear its=  4 (0.0sec)
 Newton its= 4, linearizations= 5 (0.0sec), linear its=  4 (0.0sec)
 Newton its= 5, linearizations= 6 (0.0sec), linear its=  5 (0.0sec)
 Newton its= 4, linearizations= 5 (0.0sec), linear its=  4 (0.0sec)
 Newton its= 5, linearizations= 6 (0.0sec), linear its=  5 (0.0sec)
 Newton its= 4, linearizations= 5 (0.0sec), linear its=  4 (0.0sec)
 Newton its= 4, linearizations= 5 (0.0sec), linear its=  4 (0.0sec)
 Newton its= 4, linearizations= 5 (0.0sec), linear its=  4 (0.0sec)
 Newton its= 4, linearizations= 5 (0.0sec), linear its=  4 (0.0sec)
 Newton its= 4, linearizations= 5 (0.0sec), linear its=  4 (0.0sec)
 Newton its= 4, linearizations= 5 (0.0sec), linear its=  4 (0.0sec)
 Newton its= 4, linearizations= 5 (0.0sec), linear its=  4 (0.0sec)
 Newton its= 4, linearizations= 5 (0.0sec), linear its=  4 (0.0sec)
 Newton its= 4, linearizations= 5 (0.0sec), linear its=  4 (0.0sec)
 Newton its= 4, linearizations= 5 (0.0sec), linear its=  4 (0.0sec)
 Newton its= 4, linearizations= 5 (0.0sec), linear its=  4 (0.0sec)
 Newton its= 4, linearizations= 5 (0.0sec), linear its=  4 (0.0sec)
 Newton its= 4, linearizations= 5 (0.0sec), linear its=  4 (0.0sec)
 Newton its= 4, linearizations= 5 (0.0sec), linear its=  4 (0.0sec)
 Newton its= 4, linearizations= 5 (0.0sec), linear its=  4 (0.0sec)
 Newton its= 4, linearizations= 5 (0.0sec), linear its=  4 (0.0sec)
 Newton its= 4, linearizations= 5 (0.0sec), linear its=  4 (0.0sec)
 Newton its= 4, linearizations= 5 (0.0sec), linear its=  4 (0.0sec)
 Newton its= 4, linearizations= 5 (0.0sec), linear its=  4 (0.0sec)
 Newton its= 4, linearizations= 5 (0.0sec), linear its=  4 (0.0sec)
 Newton its= 4, linearizations= 5 (0.0sec), linear its=  4 (0.0sec)
 Newton its= 4, linearizations= 5 (0.0sec), linear its=  4 (0.0sec)
 Newton its= 4, linearizations= 5 (0.0sec), linear its=  4 (0.0sec)
 Newton its= 4, linearizations= 5 (0.0sec), linear its=  4 (0.0sec)
 Newton its= 4, linearizations= 5 (0.0sec), linear its=  4 (0.0sec)
 Newton its= 4, linearizations= 5 (0.0sec), linear its=  4 (0.0sec)
 Newton its= 4, linearizations= 5 (0.0sec), linear its=  4 (0.0sec)
 Newton its= 4, linearizations= 5 (0.0sec), linear its=  4 (0.0sec)
 Newton its= 4, linearizations= 5 (0.0sec), linear its=  4 (0.0sec)
 Newton its= 4, linearizations= 5 (0.0sec), linear its=  4 (0.0sec)
 Newton its= 4, linearizations= 5 (0.0sec), linear its=  4 (0.0sec)
 Newton its= 4, linearizations= 5 (0.0sec), linear its=  4 (0.0sec)
 Newton its= 4, linearizations= 5 (0.0sec), linear its=  4 (0.0sec)
 Newton its= 4, linearizations= 5 (0.0sec), linear its=  4 (0.0sec)
 Newton its= 4, linearizations= 5 (0.0sec), linear its=  4 (0.0sec)
 Newton its= 4, linearizations= 5 (0.0sec), linear its=  4 (0.0sec)
 Newton its= 4, linearizations= 5 (0.0sec), linear its=  4 (0.0sec)
 Newton its= 4, linearizations= 5 (0.0sec), linear its=  4 (0.0sec)
 Newton its= 4, linearizations= 5 (0.0sec), linear its=  4 (0.0sec)
 Newton its= 4, linearizations= 5 (0.0sec), linear its=  4 (0.0sec)
 Newton its= 4, linearizations= 5 (0.0sec), linear its=  4 (0.0sec)
 Newton its= 4, linearizations= 5 (0.0sec), linear its=  4 (0.0sec)
 Newton its= 4, linearizations= 5 (0.0sec), linear its=  4 (0.0sec)
 Newton its= 4, linearizations= 5 (0.0sec), linear its=  4 (0.0sec)
 Newton its= 4, linearizations= 5 (0.0sec), linear its=  4 (0.0sec)
 Newton its= 4, linearizations= 5 (0.0sec), linear its=  4 (0.0sec)
 Newton its= 4, linearizations= 5 (0.0sec), linear its=  4 (0.0sec)
 Newton its= 4, linearizations= 5 (0.0sec), linear its=  4 (0.0sec)
 Newton its= 4, linearizations= 5 (0.0sec), linear its=  4 (0.0sec)
 Newton its= 4, linearizations= 5 (0.0sec), linear its=  4 (0.0sec)
 Newton its= 4, linearizations= 5 (0.0sec), linear its=  4 (0.0sec)
 Newton its= 4, linearizations= 5 (0.0sec), linear its=  4 (0.0sec)

                              **************************************************************************
  WELLS    AT      31  DAYS *                 SPE1 - CASE 1                                          *
  REPORT    1    01-JAN-2015  *                                             Flow  version 2026.04-pre  *
                              **************************************************************************


======================================================= PRODUCTION REPORT =======================================================
 :  WELL  : LOCATION  :CTRL:    OIL    :   WATER   :    GAS    :   FLUID   :   WATER   : GAS/OIL  :  WAT/GAS   : BHP OR : THP OR :
 :  NAME  :  (I,J,K)  :MODE:   RATE    :   RATE    :   RATE    : RES.VOL.  :    CUT    :  RATIO   :   RATIO    :CON.PR. :BLK.PR. :
 :        :           :    :  STB/DAY  :  STB/DAY  : MSCF/DAY  :  RB/DAY   :           : MSCF/STB :  STB/MSCF  :  PSIA  :  PSIA  :
=================================================================================================================================
:FIELD   :           :    :    20000.0:        0.0:    24622.1:    33666.3:      0.000:      1.23:      0.0000:        :        :
:G1      :           :    :    20000.0:        0.0:    24622.1:    33666.3:      0.000:      1.23:      0.0000:        :        :
:PROD    : 10, 10    :ORAT:    20000.0:       -0.0:    24622.1:    33666.3:     -0.000:      1.23:      0.0000:  2101.7:     0.0:
 :--------:-----------:----:-----------:-----------:-----------:-----------:-----------:----------:------------:--------:--------:

============================================= INJECTION REPORT ==============================================
 :  WELL  : LOCATION  : CTRL : CTRL : CTRL :    OIL    :   WATER   :    GAS    :   FLUID   : BHP OR : THP OR :
 :  NAME  :  (I,J,K)  : MODE : MODE : MODE :   RATE    :   RATE    :   RATE    : RES.VOL.  :CON.PR. :BLK.PR. :
 :        :           : OIL  : WAT  : GAS  :  STB/DAY  :  STB/DAY  : MSCF/DAY  :  RB/DAY   :  PSIA  :  PSIA  :
=============================================================================================================
:FIELD   :           :      :      :      :        0.0:        0.0:   100000.0:    57955.0:        :        :
:G1      :           :      :      :      :        0.0:        0.0:   100000.0:    57955.0:        :        :
:INJ     :  1,  1    :      :      :  GRAT:        0.0:        0.0:   100000.0:    57955.0:  9014.0:     0.0:
 :--------:-----------:------:------:------:-----------:-----------:-----------:-----------:--------:--------:

============================================== CUMULATIVE PRODUCTION/INJECTION TOTALS ==============================================
 :  WELL  : LOCATION  :  WELL  :CTRL:    OIL    :   WATER   :    GAS    :   Prod    :    OIL    :   WATER   :    GAS    :    INJ    :
 :  NAME  :  (I,J,K)  :  TYPE  :MODE:   PROD    :   PROD    :   PROD    : RES.VOL.  :    INJ    :    INJ    :    INJ    : RES.VOL.  :
 :        :           :        :    :   MSTB    :   MSTB    :   MMSCF   :    MRB    :   MSTB    :   MSTB    :   MMSCF   :    MRB    :
====================================================================================================================================
:FIELD   :           :        :    :      620.0:        0.0:      763.3:     1043.7:        0.0:        0.0:     3100.0:     1796.6:
:G1      :           :        :    :      620.0:        0.0:      763.3:     1043.7:        0.0:        0.0:     3100.0:     1796.6:
:PROD    : 10, 10    :    PROD:ORAT:      620.0:        0.0:      763.3:     1043.7:        0.0:        0.0:        0.0:        0.0:
:INJ     :  1,  1    :     INJ:GRAT:        0.0:        0.0:        0.0:        0.0:        0.0:        0.0:     3100.0:     1796.6:
 :--------:-----------:--------:----:-----------:-----------:-----------:-----------:-----------:-----------:-----------:-----------:
